 ~\Code\GitHub\Ross-Thanscheidt\Public\Notes\gh-pages  .\docs-publish.ps1
Unable to copy 'C:\\Users\\username\\AppData\\Local\\Programs\\Python\\Python314\\Lib\\venv\\scripts\\nt\\venvlauncher.exe' to 'C:\\Users\\username\\Code\\GitHub\\Ross-Thanscheidt\\Public\\Notes\\gh-pages\\venv\\Scripts\\python.exe'
Looking in indexes: https://hlnexusrm.hobbylobby.corp/repository/pypi.org/simple, https://hlnexusrm.hobbylobby.corp/repository/pypi-hosted/simple
Requirement already satisfied: truststore in .\venv\Lib\site-packages (from -r requirements.txt (line 1)) (0.10.4)
Requirement already satisfied: mkdocs-material in .\venv\Lib\site-packages (from -r requirements.txt (line 2)) (9.7.1)
Requirement already satisfied: mkdocs-panzoom-plugin in .\venv\Lib\site-packages (from -r requirements.txt (line 3)) (0.5.2)
Requirement already satisfied: mkdocs-exclude in .\venv\Lib\site-packages (from -r requirements.txt (line 4)) (1.0.2)
Requirement already satisfied: mkdocs-snippets in .\venv\Lib\site-packages (from -r requirements.txt (line 5)) (1.3.2)
Requirement already satisfied: mkdocs-awesome-pages-plugin in .\venv\Lib\site-packages (from -r requirements.txt (line 6)) (2.10.1)
Requirement already satisfied: mkdocs-git-committers-plugin-2 in .\venv\Lib\site-packages (from -r requirements.txt (line 7)) (2.5.0)
Requirement already satisfied: mkdocs-markdownextradata-plugin in .\venv\Lib\site-packages (from -r requirements.txt (line 8)) (0.2.6)
Requirement already satisfied: mkdocs-git-revision-date-localized-plugin in .\venv\Lib\site-packages (from -r requirements.txt (line 10)) (1.5.1)
Requirement already satisfied: markdown-exec[ansi] in .\venv\Lib\site-packages (from -r requirements.txt (line 9)) (1.12.1)
Requirement already satisfied: babel>=2.10 in .\venv\Lib\site-packages (from mkdocs-material->-r requirements.txt (line 2)) (2.18.0)
Requirement already satisfied: backrefs>=5.7.post1 in .\venv\Lib\site-packages (from mkdocs-material->-r requirements.txt (line 2)) (6.1)
Requirement already satisfied: colorama>=0.4 in .\venv\Lib\site-packages (from mkdocs-material->-r requirements.txt (line 2)) (0.4.6)
Requirement already satisfied: jinja2>=3.1 in .\venv\Lib\site-packages (from mkdocs-material->-r requirements.txt (line 2)) (3.1.6)
Requirement already satisfied: markdown>=3.2 in .\venv\Lib\site-packages (from mkdocs-material->-r requirements.txt (line 2)) (3.10.1)
Requirement already satisfied: mkdocs-material-extensions>=1.3 in .\venv\Lib\site-packages (from mkdocs-material->-r requirements.txt (line 2)) (1.3.1)
Requirement already satisfied: mkdocs>=1.6 in .\venv\Lib\site-packages (from mkdocs-material->-r requirements.txt (line 2)) (1.6.1)
Requirement already satisfied: paginate>=0.5 in .\venv\Lib\site-packages (from mkdocs-material->-r requirements.txt (line 2)) (0.5.7)
Requirement already satisfied: pygments>=2.16 in .\venv\Lib\site-packages (from mkdocs-material->-r requirements.txt (line 2)) (2.19.2)
Requirement already satisfied: pymdown-extensions>=10.2 in .\venv\Lib\site-packages (from mkdocs-material->-r requirements.txt (line 2)) (10.20.1)
Requirement already satisfied: requests>=2.30 in .\venv\Lib\site-packages (from mkdocs-material->-r requirements.txt (line 2)) (2.32.5)
Requirement already satisfied: natsort>=8.1.0 in .\venv\Lib\site-packages (from mkdocs-awesome-pages-plugin->-r requirements.txt (line 6)) (8.4.0)
Requirement already satisfied: wcmatch>=7 in .\venv\Lib\site-packages (from mkdocs-awesome-pages-plugin->-r requirements.txt (line 6)) (10.1)
Requirement already satisfied: gitpython in .\venv\Lib\site-packages (from mkdocs-git-committers-plugin-2->-r requirements.txt (line 7)) (3.1.46)
Requirement already satisfied: pyyaml in .\venv\Lib\site-packages (from mkdocs-markdownextradata-plugin->-r requirements.txt (line 8)) (6.0.3)
Requirement already satisfied: pygments-ansi-color>=0.3 in .\venv\Lib\site-packages (from markdown-exec[ansi]->-r requirements.txt (line 9)) (0.3.0)
Requirement already satisfied: tzdata>=2023.3 in .\venv\Lib\site-packages (from mkdocs-git-revision-date-localized-plugin->-r requirements.txt (line 10)) (2025.3)
Requirement already satisfied: gitdb<5,>=4.0.1 in .\venv\Lib\site-packages (from gitpython->mkdocs-git-committers-plugin-2->-r requirements.txt (line 7)) (4.0.12)
Requirement already satisfied: smmap<6,>=3.0.1 in .\venv\Lib\site-packages (from gitdb<5,>=4.0.1->gitpython->mkdocs-git-committers-plugin-2->-r requirements.txt (line 7)) (5.0.2)
Requirement already satisfied: MarkupSafe>=2.0 in .\venv\Lib\site-packages (from jinja2>=3.1->mkdocs-material->-r requirements.txt (line 2)) (3.0.3)
Requirement already satisfied: click>=7.0 in .\venv\Lib\site-packages (from mkdocs>=1.6->mkdocs-material->-r requirements.txt (line 2)) (8.3.1)
Requirement already satisfied: ghp-import>=1.0 in .\venv\Lib\site-packages (from mkdocs>=1.6->mkdocs-material->-r requirements.txt (line 2)) (2.1.0)
Requirement already satisfied: mergedeep>=1.3.4 in .\venv\Lib\site-packages (from mkdocs>=1.6->mkdocs-material->-r requirements.txt (line 2)) (1.3.4)
Requirement already satisfied: mkdocs-get-deps>=0.2.0 in .\venv\Lib\site-packages (from mkdocs>=1.6->mkdocs-material->-r requirements.txt (line 2)) (0.2.0)
Requirement already satisfied: packaging>=20.5 in .\venv\Lib\site-packages (from mkdocs>=1.6->mkdocs-material->-r requirements.txt (line 2)) (26.0)
Requirement already satisfied: pathspec>=0.11.1 in .\venv\Lib\site-packages (from mkdocs>=1.6->mkdocs-material->-r requirements.txt (line 2)) (1.0.4)
Requirement already satisfied: pyyaml-env-tag>=0.1 in .\venv\Lib\site-packages (from mkdocs>=1.6->mkdocs-material->-r requirements.txt (line 2)) (1.1)
Requirement already satisfied: watchdog>=2.0 in .\venv\Lib\site-packages (from mkdocs>=1.6->mkdocs-material->-r requirements.txt (line 2)) (6.0.0)
Requirement already satisfied: python-dateutil>=2.8.1 in .\venv\Lib\site-packages (from ghp-import>=1.0->mkdocs>=1.6->mkdocs-material->-r requirements.txt (line 2)) (2.9.0.post0)
Requirement already satisfied: platformdirs>=2.2.0 in .\venv\Lib\site-packages (from mkdocs-get-deps>=0.2.0->mkdocs>=1.6->mkdocs-material->-r requirements.txt (line 2)) (4.9.2)
Requirement already satisfied: six>=1.5 in .\venv\Lib\site-packages (from python-dateutil>=2.8.1->ghp-import>=1.0->mkdocs>=1.6->mkdocs-material->-r requirements.txt (line 2)) (1.17.0)
Requirement already satisfied: charset_normalizer<4,>=2 in .\venv\Lib\site-packages (from requests>=2.30->mkdocs-material->-r requirements.txt (line 2)) (3.4.4)
Requirement already satisfied: idna<4,>=2.5 in .\venv\Lib\site-packages (from requests>=2.30->mkdocs-material->-r requirements.txt (line 2)) (3.11)
Requirement already satisfied: urllib3<3,>=1.21.1 in .\venv\Lib\site-packages (from requests>=2.30->mkdocs-material->-r requirements.txt (line 2)) (2.6.3)
Requirement already satisfied: certifi>=2017.4.17 in .\venv\Lib\site-packages (from requests>=2.30->mkdocs-material->-r requirements.txt (line 2)) (2026.1.4)
Requirement already satisfied: bracex>=2.1.1 in .\venv\Lib\site-packages (from wcmatch>=7->mkdocs-awesome-pages-plugin->-r requirements.txt (line 6)) (2.6)
Looking in indexes: https://hlnexusrm.hobbylobby.corp/repository/pypi.org/simple, https://hlnexusrm.hobbylobby.corp/repository/pypi-hosted/simple
Collecting pip-system-certs
  Using cached https://hlnexusrm.hobbylobby.corp/repository/pypi.org/packages/pip-system-certs/5.3/pip_system_certs-5.3-py3-none-any.whl (6.9 kB)
Requirement already satisfied: pip>=24.2 in .\venv\Lib\site-packages (from pip-system-certs) (26.0.1)
Installing collected packages: pip-system-certs
Successfully installed pip-system-certs-5.3
INFO    -  git-committers plugin ENABLED
WARNING -  git-committers plugin may require a GitHub token if you exceed the API rate limit or for private repositories. Set it under 'token' mkdocs.yml
           config or MKDOCS_GIT_COMMITTERS_APIKEY environment variable.
INFO    -  Cleaning site directory
INFO    -  Building documentation to directory: C:\Users\username\Code\GitHub\Ross-Thanscheidt\Public\Notes\gh-pages\site
[git-revision-date-localized-plugin] 'C:\Users\username\Code\GitHub\Ross-Thanscheidt\Public\Notes\gh-pages\docs\dotnet.md' has no git logs, using current timestamp
[git-revision-date-localized-plugin] 'C:\Users\username\Code\GitHub\Ross-Thanscheidt\Public\Notes\gh-pages\docs\dotnet.md' has no git logs, using current timestamp
WARNING:root:First revision timestamp is older than last revision timestamp for page dotnet.md. This can be due to a quirk in `git` follow behaviour. You can try to set `enable_git_follow: false` in the plugin configuration.
INFO    -  Documentation built in 9.02 seconds
INFO    -  Copying 'C:\Users\username\Code\GitHub\Ross-Thanscheidt\Public\Notes\gh-pages\site' to 'gh-pages' branch and pushing to GitHub.
Enumerating objects: 15, done.
Counting objects: 100% (15/15), done.
Delta compression using up to 12 threads
Compressing objects: 100% (5/5), done.
Writing objects: 100% (8/8), 861 bytes | 430.00 KiB/s, done.
Total 8 (delta 4), reused 0 (delta 0), pack-reused 0 (from 0)
remote: Resolving deltas: 100% (4/4), completed with 4 local objects.
To https://github.com/Ross-Thanscheidt/Notes.git
   fc131b2..3af74d6  gh-pages -> gh-pages
INFO    -  Your documentation should shortly be available at: https://Ross-Thanscheidt.github.io/Notes/
Found existing installation: pip_system_certs 5.3
Uninstalling pip_system_certs-5.3:
  Successfully uninstalled pip_system_certs-5.3
